\BOOKMARK [0][-]{chapter*.1}{\315ndice general}{}% 1
\BOOKMARK [0][-]{chapter*.2}{\315ndice de figuras}{}% 2
\BOOKMARK [0][-]{chapter*.3}{\315ndice de tablas}{}% 3
\BOOKMARK [0][-]{chapter.1}{Introducci\363n}{}% 4
\BOOKMARK [1][-]{section.1.1}{Antecedentes}{chapter.1}% 5
\BOOKMARK [1][-]{section.1.2}{Justificaci\363n y Planteamiento del Problema}{chapter.1}% 6
\BOOKMARK [1][-]{section.1.3}{Objetivos}{chapter.1}% 7
\BOOKMARK [2][-]{subsection.1.3.1}{Objetivo General}{section.1.3}% 8
\BOOKMARK [2][-]{subsection.1.3.2}{Objetivos Espec\355ficos}{section.1.3}% 9
\BOOKMARK [1][-]{section.1.4}{Estructura del Trabajo}{chapter.1}% 10
\BOOKMARK [0][-]{chapter.2}{Marco Te\363rico}{}% 11
\BOOKMARK [1][-]{section.2.1}{Red el\351ctrica inteligente}{chapter.2}% 12
\BOOKMARK [1][-]{section.2.2}{Medidores inteligentes}{chapter.2}% 13
\BOOKMARK [2][-]{subsection.2.2.1}{Caracter\355sticas}{section.2.2}% 14
\BOOKMARK [2][-]{subsection.2.2.2}{Estandarizaci\363n}{section.2.2}% 15
\BOOKMARK [2][-]{subsection.2.2.3}{Estructura}{section.2.2}% 16
\BOOKMARK [3][-]{subsubsection.2.2.3.1}{Sensado}{subsection.2.2.3}% 17
\BOOKMARK [3][-]{subsubsection.2.2.3.2}{Acondicionamiento}{subsection.2.2.3}% 18
\BOOKMARK [4][-]{paragraph.2.2.3.2.1}{Ajuste de ganancia y nivel}{subsubsection.2.2.3.2}% 19
\BOOKMARK [4][-]{paragraph.2.2.3.2.2}{Filtrado}{subsubsection.2.2.3.2}% 20
\BOOKMARK [4][-]{paragraph.2.2.3.2.3}{Adaptaci\363n de impedancia}{subsubsection.2.2.3.2}% 21
\BOOKMARK [4][-]{paragraph.2.2.3.2.4}{Aislamiento}{subsubsection.2.2.3.2}% 22
\BOOKMARK [3][-]{subsubsection.2.2.3.3}{Conversion}{subsection.2.2.3}% 23
\BOOKMARK [4][-]{paragraph.2.2.3.3.1}{Teorema de muestreo Nyquist-Shannon}{subsubsection.2.2.3.3}% 24
\BOOKMARK [4][-]{paragraph.2.2.3.3.2}{Conversor anal\363gico-digital}{subsubsection.2.2.3.3}% 25
\BOOKMARK [3][-]{subsubsection.2.2.3.4}{Procesamiento}{subsection.2.2.3}% 26
\BOOKMARK [4][-]{paragraph.2.2.3.4.1}{Valores efectivos}{subsubsection.2.2.3.4}% 27
\BOOKMARK [4][-]{paragraph.2.2.3.4.2}{Potencia}{subsubsection.2.2.3.4}% 28
\BOOKMARK [4][-]{paragraph.2.2.3.4.3}{Factor de potencia}{subsubsection.2.2.3.4}% 29
\BOOKMARK [4][-]{paragraph.2.2.3.4.4}{Distorsi\363n arm\363nica}{subsubsection.2.2.3.4}% 30
\BOOKMARK [4][-]{paragraph.2.2.3.4.5}{Distorsi\363n arm\363nica}{subsubsection.2.2.3.4}% 31
\BOOKMARK [4][-]{paragraph.2.2.3.4.6}{Energia}{subsubsection.2.2.3.4}% 32
\BOOKMARK [3][-]{subsubsection.2.2.3.5}{Comunicaci\363n}{subsection.2.2.3}% 33
\BOOKMARK [4][-]{paragraph.2.2.3.5.1}{Serial}{subsubsection.2.2.3.5}% 34
\BOOKMARK [4][-]{paragraph.2.2.3.5.2}{DLSM/COSEM}{subsubsection.2.2.3.5}% 35
\BOOKMARK [4][-]{paragraph.2.2.3.5.3}{Modbus}{subsubsection.2.2.3.5}% 36
\BOOKMARK [1][-]{section.2.3}{Labview}{chapter.2}% 37
\BOOKMARK [2][-]{subsection.2.3.1}{Dispositivos Real-Time}{section.2.3}% 38
\BOOKMARK [2][-]{subsection.2.3.2}{Algoritmos utilizados}{section.2.3}% 39
\BOOKMARK [0][-]{chapter.3}{Desarrollo}{}% 40
\BOOKMARK [1][-]{section.3.1}{Estableciendo par\341metros a medir}{chapter.3}% 41
\BOOKMARK [2][-]{subsection.3.1.1}{El\351ctricas}{section.3.1}% 42
\BOOKMARK [2][-]{subsection.3.1.2}{Medici\363n}{section.3.1}% 43
\BOOKMARK [1][-]{section.3.2}{Tarjeta de acondicionamiento}{chapter.3}% 44
\BOOKMARK [1][-]{section.3.3}{Eleccion de dispositivo para procesamiento}{chapter.3}% 45
\BOOKMARK [2][-]{subsection.3.3.1}{Frecuencia de muestreo \(MODIFICAR ARMONICO\)}{section.3.3}% 46
\BOOKMARK [2][-]{subsection.3.3.2}{Velocidad de procesamiento y acceso directo a memoria}{section.3.3}% 47
\BOOKMARK [2][-]{subsection.3.3.3}{Comunicaci\363n}{section.3.3}% 48
\BOOKMARK [1][-]{section.3.4}{Programaci\363n}{chapter.3}% 49
\BOOKMARK [2][-]{subsection.3.4.1}{FPGA}{section.3.4}% 50
\BOOKMARK [2][-]{subsection.3.4.2}{myRIO}{section.3.4}% 51
\BOOKMARK [3][-]{subsubsection.3.4.2.1}{Procesamiento}{subsection.3.4.2}% 52
\BOOKMARK [4][-]{paragraph.3.4.2.1.1}{*}{subsubsection.3.4.2.1}% 53
\BOOKMARK [4][-]{paragraph.3.4.2.1.2}{*}{subsubsection.3.4.2.1}% 54
\BOOKMARK [4][-]{paragraph.3.4.2.1.3}{Calculo de parametros}{subsubsection.3.4.2.1}% 55
\BOOKMARK [3][-]{subsubsection.3.4.2.2}{Almacenamiento}{subsection.3.4.2}% 56
\BOOKMARK [3][-]{subsubsection.3.4.2.3}{Comunicaci\363n}{subsection.3.4.2}% 57
\BOOKMARK [2][-]{subsection.3.4.3}{Host}{section.3.4}% 58
\BOOKMARK [3][-]{subsubsection.3.4.3.1}{Comunicaci\363n}{subsection.3.4.3}% 59
\BOOKMARK [3][-]{subsubsection.3.4.3.2}{Interfaz}{subsection.3.4.3}% 60
\BOOKMARK [0][-]{chapter.4}{Resultados}{}% 61
\BOOKMARK [1][-]{section.4.1}{Resultados}{chapter.4}% 62
\BOOKMARK [0][-]{chapter.5}{Conclusiones y recomendaciones}{}% 63
\BOOKMARK [1][-]{section.5.1}{Conclusiones}{chapter.5}% 64
